<beans xmlns="http://www.springframework.org/schema/beans" 
       xmlns:xsi="http://www.w3.org/2001/XMLSchema-instance" 
       xmlns:jaxws="http://cxf.apache.org/jaxws" 
       xmlns:jaxrs="http://cxf.apache.org/blueprint/jaxrs"
       xsi:schemaLocation="
http://www.springframework.org/schema/beans http://www.springframework.org/schema/beans/spring-beans.xsd 
http://cxf.apache.org/jaxws                 http://cxf.apache.org/schema/jaxws.xsd 
http://cxf.apache.org/jaxrs                 http://cxf.apache.org/schemas/jaxrs.xsd">
        
    <bean id="configuration" class="org.springframework.beans.factory.config.PropertyPlaceholderConfigurer">
        <property name="locations">
            <list>
                <value>classpath:conf/recordserver-testconfig.defaults</value>
            </list>
        </property>
        <property name="systemPropertiesModeName" value="SYSTEM_PROPERTIES_MODE_OVERRIDE"/>
        <property name="ignoreResourceNotFound" value="true"/>
        <property name="ignoreUnresolvablePlaceholders" value="false"/>
        <property name="fileEncoding" value="UTF-8" />
    </bean>
    
    <bean id="test.clientRecordServer" class="com.navid.recordserver.v1.RankingResource" factory-bean="test.clientFactoryRecordServer" factory-method="create" />
    
    <bean id="test.clientFactoryRecordServer" class="org.apache.cxf.jaxrs.client.JAXRSClientFactoryBean">
        <property name="address" value="${recordserver.url}/rest"/>
        <property name="serviceClass" value="com.navid.recordserver.v1.RankingResource"/>
        <property name="providers">
            <list>
                <bean id="jacksonMapper" class="com.fasterxml.jackson.databind.ObjectMapper"/>
                <bean id="jacksonProvider" class=" com.fasterxml.jackson.jaxrs.json.JacksonJsonProvider" />
            </list>
        </property>
        <property name="outInterceptors">
            <list>
                <bean class="com.navid.lazylogin.context.interceptors.RequestIdInterceptor"/>
            </list>
        </property>
    </bean>
    
    <bean id="test.clientRecordServerV2" class="com.navid.recordserver.v2.V2Resource" factory-bean="test.clientFactoryRecordServerV2" factory-method="create" />
    
    <bean id="test.clientFactoryRecordServerV2" class="org.apache.cxf.jaxrs.client.JAXRSClientFactoryBean">
        <property name="address" value="${recordserver.url}/rest"/>
        <property name="serviceClass" value="com.navid.recordserver.v2.V2Resource"/>
        <property name="providers">
            <list>
                <bean id="jacksonMapper" class="com.fasterxml.jackson.databind.ObjectMapper"/>
                <bean id="jacksonProvider" class=" com.fasterxml.jackson.jaxrs.json.JacksonJsonProvider" />
            </list>
        </property>
        <property name="outInterceptors">
            <list>
                <bean class="com.navid.lazylogin.context.interceptors.RequestIdInterceptor"/>
            </list>
        </property>
    </bean>
    
    <bean id="test.requestContextContainer" class="com.navid.lazylogin.context.RequestContextContainer" />


</beans>