<beans xmlns="http://www.springframework.org/schema/beans" 
       xmlns:xsi="http://www.w3.org/2001/XMLSchema-instance" 
       xmlns:jaxws="http://cxf.apache.org/jaxws" 
       xmlns:jaxrs="http://cxf.apache.org/blueprint/jaxrs"
       xsi:schemaLocation=" http://www.springframework.org/schema/beans http://www.springframework.org/schema/beans/spring-beans.xsd 
http://cxf.apache.org/jaxws http://cxf.apache.org/schema/jaxws.xsd 
  http://cxf.apache.org/jaxrs http://cxf.apache.org/schemas/jaxrs.xsd">
    
    <bean id="test.clientUserLazyLogin" class="com.navid.login.UserCommands" factory-bean="test.clientFactoryUserLazyLogin" factory-method="create"/>
    
    <bean id="test.clientFactoryUserLazyLogin" class="org.apache.cxf.jaxws.JaxWsProxyFactoryBean">
        <property name="serviceClass" value="com.navid.login.UserCommands"/>
        <property name="address" value="http://lazylogin.ws:8080/user"/>
    </bean>
    
</beans>