<beans xmlns="http://www.springframework.org/schema/beans" 
       xmlns:xsi="http://www.w3.org/2001/XMLSchema-instance" 
       xmlns:jaxws="http://cxf.apache.org/jaxws" 
       xmlns:jaxrs="http://cxf.apache.org/blueprint/jaxrs"
       xsi:schemaLocation="
http://www.springframework.org/schema/beans http://www.springframework.org/schema/beans/spring-beans.xsd 
http://cxf.apache.org/jaxws                 http://cxf.apache.org/schema/jaxws.xsd 
http://cxf.apache.org/jaxrs                 http://cxf.apache.org/schemas/jaxrs.xsd">
        
    <bean id="configuration" class="org.springframework.beans.factory.config.PropertyPlaceholderConfigurer">
        <property name="locations">
            <list>
                <value>classpath:conf/recordserver-testconfig.defaults</value>
            </list>
        </property>
        <property name="systemPropertiesModeName" value="SYSTEM_PROPERTIES_MODE_OVERRIDE"/>
        <property name="ignoreResourceNotFound" value="true"/>
        <property name="ignoreUnresolvablePlaceholders" value="false"/>
        <property name="fileEncoding" value="UTF-8" />
    </bean>

</beans>